This file contains any messages produced by compilers while
running configure, to aid debugging if configure makes a mistake.

It was created by HepMC configure 2.06.09, which was
generated by GNU Autoconf 2.63.  Invocation command line was

  $ ../hepmc2.06.09/configure --prefix=/home/s1967975/DAML/Week_7/GeantExample3/HEPmc/build/../install --with-momentum=MEV --with-length=MM

## --------- ##
## Platform. ##
## --------- ##

hostname = cplab068.ph.ed.ac.uk
uname -m = x86_64
uname -r = 5.15.0-91-generic
uname -s = Linux
uname -v = #101~20.04.1-Ubuntu SMP Thu Nov 16 14:22:28 UTC 2023

/usr/bin/uname -p = x86_64
/bin/uname -X     = unknown

/bin/arch              = x86_64
/usr/bin/arch -k       = unknown
/usr/convex/getsysinfo = unknown
/usr/bin/hostinfo      = unknown
/bin/machine           = unknown
/usr/bin/oslevel       = unknown
/bin/universe          = unknown

PATH: /Disk/opt/ubuntu/geant4.10.06.p02/bin
PATH: /home/s1967975/.local/bin
PATH: /opt/anaconda-2022.10/bin
PATH: /home/s1967975/.local/bin
PATH: /opt/anaconda-2023.07/condabin
PATH: /usr/local/sbin
PATH: /usr/local/bin
PATH: /usr/sbin
PATH: /usr/bin
PATH: /sbin
PATH: /bin
PATH: /usr/games
PATH: /usr/local/games
PATH: /snap/bin


## ----------- ##
## Core tests. ##
## ----------- ##

configure:2098: checking build system type
configure:2116: result: x86_64-unknown-linux-gnu
configure:2138: checking host system type
configure:2153: result: x86_64-unknown-linux-gnu
configure:2175: checking target system type
configure:2190: result: x86_64-unknown-linux-gnu
configure:2234: checking for a BSD-compatible install
configure:2302: result: /usr/bin/install -c
configure:2313: checking whether build environment is sane
configure:2373: result: yes
configure:2514: checking for a thread-safe mkdir -p
configure:2553: result: /usr/bin/mkdir -p
configure:2566: checking for gawk
configure:2582: found /usr/bin/gawk
configure:2593: result: gawk
configure:2604: checking whether make sets $(MAKE)
configure:2626: result: yes
configure:2859: checking for g++
configure:2875: found /usr/bin/g++
configure:2886: result: g++
configure:2913: checking for C++ compiler version
configure:2921: g++ --version >&5
g++ (Ubuntu 9.4.0-1ubuntu1~20.04.2) 9.4.0
Copyright (C) 2019 Free Software Foundation, Inc.
This is free software; see the source for copying conditions.  There is NO
warranty; not even for MERCHANTABILITY or FITNESS FOR A PARTICULAR PURPOSE.

configure:2925: $? = 0
configure:2932: g++ -v >&5
Using built-in specs.
COLLECT_GCC=g++
COLLECT_LTO_WRAPPER=/usr/lib/gcc/x86_64-linux-gnu/9/lto-wrapper
OFFLOAD_TARGET_NAMES=nvptx-none:hsa
OFFLOAD_TARGET_DEFAULT=1
Target: x86_64-linux-gnu
Configured with: ../src/configure -v --with-pkgversion='Ubuntu 9.4.0-1ubuntu1~20.04.2' --with-bugurl=file:///usr/share/doc/gcc-9/README.Bugs --enable-languages=c,ada,c++,go,brig,d,fortran,objc,obj-c++,gm2 --prefix=/usr --with-gcc-major-version-only --program-suffix=-9 --program-prefix=x86_64-linux-gnu- --enable-shared --enable-linker-build-id --libexecdir=/usr/lib --without-included-gettext --enable-threads=posix --libdir=/usr/lib --enable-nls --enable-clocale=gnu --enable-libstdcxx-debug --enable-libstdcxx-time=yes --with-default-libstdcxx-abi=new --enable-gnu-unique-object --disable-vtable-verify --enable-plugin --enable-default-pie --with-system-zlib --with-target-system-zlib=auto --enable-objc-gc=auto --enable-multiarch --disable-werror --with-arch-32=i686 --with-abi=m64 --with-multilib-list=m32,m64,mx32 --enable-multilib --with-tune=generic --enable-offload-targets=nvptx-none=/build/gcc-9-9QDOt0/gcc-9-9.4.0/debian/tmp-nvptx/usr,hsa --without-cuda-driver --enable-checking=release --build=x86_64-linux-gnu --host=x86_64-linux-gnu --target=x86_64-linux-gnu
Thread model: posix
gcc version 9.4.0 (Ubuntu 9.4.0-1ubuntu1~20.04.2) 
configure:2936: $? = 0
configure:2943: g++ -V >&5
g++: error: unrecognized command line option '-V'
g++: fatal error: no input files
compilation terminated.
configure:2947: $? = 1
configure:2970: checking for C++ compiler default output file name
configure:2992: g++    conftest.cpp  >&5
configure:2996: $? = 0
configure:3034: result: a.out
configure:3053: checking whether the C++ compiler works
configure:3063: ./a.out
configure:3067: $? = 0
configure:3086: result: yes
configure:3093: checking whether we are cross compiling
configure:3095: result: no
configure:3098: checking for suffix of executables
configure:3105: g++ -o conftest    conftest.cpp  >&5
configure:3109: $? = 0
configure:3135: result: 
configure:3141: checking for suffix of object files
configure:3167: g++ -c   conftest.cpp >&5
configure:3171: $? = 0
configure:3196: result: o
configure:3200: checking whether we are using the GNU C++ compiler
configure:3229: g++ -c   conftest.cpp >&5
configure:3236: $? = 0
configure:3253: result: yes
configure:3262: checking whether g++ accepts -g
configure:3292: g++ -c -g  conftest.cpp >&5
configure:3299: $? = 0
configure:3400: result: yes
configure:3434: checking for style of include used by make
configure:3462: result: GNU
configure:3487: checking dependency style of g++
configure:3597: result: gcc3
configure:3660: checking for gcc
configure:3676: found /usr/bin/gcc
configure:3687: result: gcc
configure:3919: checking for C compiler version
configure:3927: gcc --version >&5
gcc (Ubuntu 9.4.0-1ubuntu1~20.04.2) 9.4.0
Copyright (C) 2019 Free Software Foundation, Inc.
This is free software; see the source for copying conditions.  There is NO
warranty; not even for MERCHANTABILITY or FITNESS FOR A PARTICULAR PURPOSE.

configure:3931: $? = 0
configure:3938: gcc -v >&5
Using built-in specs.
COLLECT_GCC=gcc
COLLECT_LTO_WRAPPER=/usr/lib/gcc/x86_64-linux-gnu/9/lto-wrapper
OFFLOAD_TARGET_NAMES=nvptx-none:hsa
OFFLOAD_TARGET_DEFAULT=1
Target: x86_64-linux-gnu
Configured with: ../src/configure -v --with-pkgversion='Ubuntu 9.4.0-1ubuntu1~20.04.2' --with-bugurl=file:///usr/share/doc/gcc-9/README.Bugs --enable-languages=c,ada,c++,go,brig,d,fortran,objc,obj-c++,gm2 --prefix=/usr --with-gcc-major-version-only --program-suffix=-9 --program-prefix=x86_64-linux-gnu- --enable-shared --enable-linker-build-id --libexecdir=/usr/lib --without-included-gettext --enable-threads=posix --libdir=/usr/lib --enable-nls --enable-clocale=gnu --enable-libstdcxx-debug --enable-libstdcxx-time=yes --with-default-libstdcxx-abi=new --enable-gnu-unique-object --disable-vtable-verify --enable-plugin --enable-default-pie --with-system-zlib --with-target-system-zlib=auto --enable-objc-gc=auto --enable-multiarch --disable-werror --with-arch-32=i686 --with-abi=m64 --with-multilib-list=m32,m64,mx32 --enable-multilib --with-tune=generic --enable-offload-targets=nvptx-none=/build/gcc-9-9QDOt0/gcc-9-9.4.0/debian/tmp-nvptx/usr,hsa --without-cuda-driver --enable-checking=release --build=x86_64-linux-gnu --host=x86_64-linux-gnu --target=x86_64-linux-gnu
Thread model: posix
gcc version 9.4.0 (Ubuntu 9.4.0-1ubuntu1~20.04.2) 
configure:3942: $? = 0
configure:3949: gcc -V >&5
gcc: error: unrecognized command line option '-V'
gcc: fatal error: no input files
compilation terminated.
configure:3953: $? = 1
configure:3956: checking whether we are using the GNU C compiler
configure:3985: gcc -c   conftest.c >&5
configure:3992: $? = 0
configure:4009: result: yes
configure:4018: checking whether gcc accepts -g
configure:4048: gcc -c -g  conftest.c >&5
configure:4055: $? = 0
configure:4156: result: yes
configure:4173: checking for gcc option to accept ISO C89
configure:4247: gcc  -c -g -O2  conftest.c >&5
configure:4254: $? = 0
configure:4277: result: none needed
configure:4297: checking dependency style of gcc
configure:4407: result: gcc3
configure:4422: checking whether make sets $(MAKE)
configure:4444: result: yes
configure:4506: checking for gfortran
configure:4522: found /usr/bin/gfortran
configure:4533: result: gfortran
configure:4559: checking for Fortran 77 compiler version
configure:4567: gfortran --version >&5
GNU Fortran (Ubuntu 9.4.0-1ubuntu1~20.04.2) 9.4.0
Copyright (C) 2019 Free Software Foundation, Inc.
This is free software; see the source for copying conditions.  There is NO
warranty; not even for MERCHANTABILITY or FITNESS FOR A PARTICULAR PURPOSE.

configure:4571: $? = 0
configure:4578: gfortran -v >&5
Using built-in specs.
COLLECT_GCC=gfortran
COLLECT_LTO_WRAPPER=/usr/lib/gcc/x86_64-linux-gnu/9/lto-wrapper
OFFLOAD_TARGET_NAMES=nvptx-none:hsa
OFFLOAD_TARGET_DEFAULT=1
Target: x86_64-linux-gnu
Configured with: ../src/configure -v --with-pkgversion='Ubuntu 9.4.0-1ubuntu1~20.04.2' --with-bugurl=file:///usr/share/doc/gcc-9/README.Bugs --enable-languages=c,ada,c++,go,brig,d,fortran,objc,obj-c++,gm2 --prefix=/usr --with-gcc-major-version-only --program-suffix=-9 --program-prefix=x86_64-linux-gnu- --enable-shared --enable-linker-build-id --libexecdir=/usr/lib --without-included-gettext --enable-threads=posix --libdir=/usr/lib --enable-nls --enable-clocale=gnu --enable-libstdcxx-debug --enable-libstdcxx-time=yes --with-default-libstdcxx-abi=new --enable-gnu-unique-object --disable-vtable-verify --enable-plugin --enable-default-pie --with-system-zlib --with-target-system-zlib=auto --enable-objc-gc=auto --enable-multiarch --disable-werror --with-arch-32=i686 --with-abi=m64 --with-multilib-list=m32,m64,mx32 --enable-multilib --with-tune=generic --enable-offload-targets=nvptx-none=/build/gcc-9-9QDOt0/gcc-9-9.4.0/debian/tmp-nvptx/usr,hsa --without-cuda-driver --enable-checking=release --build=x86_64-linux-gnu --host=x86_64-linux-gnu --target=x86_64-linux-gnu
Thread model: posix
gcc version 9.4.0 (Ubuntu 9.4.0-1ubuntu1~20.04.2) 
configure:4582: $? = 0
configure:4589: gfortran -V >&5
gfortran: error: unrecognized command line option '-V'
gfortran: fatal error: no input files
compilation terminated.
configure:4593: $? = 1
configure:4601: checking whether we are using the GNU Fortran 77 compiler
configure:4620: gfortran -c  conftest.F >&5
configure:4627: $? = 0
configure:4644: result: yes
configure:4650: checking whether gfortran accepts -g
configure:4667: gfortran -c -g conftest.f >&5
configure:4674: $? = 0
configure:4690: result: yes
configure:5049: checking for a sed that does not truncate output
configure:5115: result: /usr/bin/sed
configure:5133: checking for grep that handles long lines and -e
configure:5193: result: /usr/bin/grep
configure:5198: checking for egrep
configure:5262: result: /usr/bin/grep -E
configure:5267: checking for fgrep
configure:5331: result: /usr/bin/grep -F
configure:5366: checking for ld used by gcc
configure:5433: result: /usr/bin/ld
configure:5442: checking if the linker (/usr/bin/ld) is GNU ld
configure:5457: result: yes
configure:5469: checking for BSD- or MS-compatible name lister (nm)
configure:5518: result: /usr/bin/nm -B
configure:5636: checking the name lister (/usr/bin/nm -B) interface
configure:5653: gcc -c -g -O2  conftest.c >&5
configure:5656: /usr/bin/nm -B "conftest.o"
configure:5659: output
0000000000000000 B some_variable
configure:5650: result: BSD nm
configure:5653: checking whether ln -s works
configure:5657: result: yes
configure:5665: checking the maximum length of command line arguments
configure:5785: result: 1572864
configure:5802: checking whether the shell understands some XSI constructs
configure:5811: result: yes
configure:5815: checking whether the shell understands "+="
configure:5819: result: yes
configure:5854: checking for /usr/bin/ld option to reload object files
configure:5861: result: -r
configure:5930: checking for objdump
configure:5957: result: objdump
configure:5986: checking how to recognize dependent libraries
configure:6182: result: pass_all
configure:6242: checking for ar
configure:6258: found /usr/bin/ar
configure:6269: result: ar
configure:6347: checking for strip
configure:6363: found /usr/bin/strip
configure:6374: result: strip
configure:6446: checking for ranlib
configure:6462: found /usr/bin/ranlib
configure:6473: result: ranlib
configure:6563: checking command to parse /usr/bin/nm -B output from gcc object
configure:6681: gcc -c -g -O2  conftest.c >&5
configure:6684: $? = 0
configure:6688: /usr/bin/nm -B conftest.o \| sed -n -e 's/^.*[	 ]\([ABCDGIRSTW][ABCDGIRSTW]*\)[	 ][	 ]*\([_A-Za-z][_A-Za-z0-9]*\)$/\1 \2 \2/p' \> conftest.nm
configure:6691: $? = 0
configure:6745: gcc -o conftest -g -O2   conftest.c conftstm.o >&5
configure:6748: $? = 0
configure:6786: result: ok
configure:6882: gcc -c -g -O2  conftest.c >&5
configure:6885: $? = 0
configure:7653: checking how to run the C preprocessor
configure:7693: gcc -E  conftest.c
configure:7700: $? = 0
configure:7731: gcc -E  conftest.c
conftest.c:10:10: fatal error: ac_nonexistent.h: No such file or directory
   10 | #include <ac_nonexistent.h>
      |          ^~~~~~~~~~~~~~~~~~
compilation terminated.
configure:7738: $? = 1
configure: failed program was:
| /* confdefs.h.  */
| #define PACKAGE_NAME "HepMC"
| #define PACKAGE_TARNAME "HepMC"
| #define PACKAGE_VERSION "2.06.09"
| #define PACKAGE_STRING "HepMC 2.06.09"
| #define PACKAGE_BUGREPORT "https://savannah.cern.ch/projects/hepmc/"
| #define PACKAGE "HepMC"
| #define VERSION "2.06.09"
| /* end confdefs.h.  */
| #include <ac_nonexistent.h>
configure:7771: result: gcc -E
configure:7800: gcc -E  conftest.c
configure:7807: $? = 0
configure:7838: gcc -E  conftest.c
conftest.c:10:10: fatal error: ac_nonexistent.h: No such file or directory
   10 | #include <ac_nonexistent.h>
      |          ^~~~~~~~~~~~~~~~~~
compilation terminated.
configure:7845: $? = 1
configure: failed program was:
| /* confdefs.h.  */
| #define PACKAGE_NAME "HepMC"
| #define PACKAGE_TARNAME "HepMC"
| #define PACKAGE_VERSION "2.06.09"
| #define PACKAGE_STRING "HepMC 2.06.09"
| #define PACKAGE_BUGREPORT "https://savannah.cern.ch/projects/hepmc/"
| #define PACKAGE "HepMC"
| #define VERSION "2.06.09"
| /* end confdefs.h.  */
| #include <ac_nonexistent.h>
configure:7885: checking for ANSI C header files
configure:7915: gcc -c -g -O2  conftest.c >&5
configure:7922: $? = 0
configure:8021: gcc -o conftest -g -O2   conftest.c  >&5
configure:8025: $? = 0
configure:8031: ./conftest
configure:8035: $? = 0
configure:8053: result: yes
configure:8077: checking for sys/types.h
configure:8098: gcc -c -g -O2  conftest.c >&5
configure:8105: $? = 0
configure:8122: result: yes
configure:8077: checking for sys/stat.h
configure:8098: gcc -c -g -O2  conftest.c >&5
configure:8105: $? = 0
configure:8122: result: yes
configure:8077: checking for stdlib.h
configure:8098: gcc -c -g -O2  conftest.c >&5
configure:8105: $? = 0
configure:8122: result: yes
configure:8077: checking for string.h
configure:8098: gcc -c -g -O2  conftest.c >&5
configure:8105: $? = 0
configure:8122: result: yes
configure:8077: checking for memory.h
configure:8098: gcc -c -g -O2  conftest.c >&5
configure:8105: $? = 0
configure:8122: result: yes
configure:8077: checking for strings.h
configure:8098: gcc -c -g -O2  conftest.c >&5
configure:8105: $? = 0
configure:8122: result: yes
configure:8077: checking for inttypes.h
configure:8098: gcc -c -g -O2  conftest.c >&5
configure:8105: $? = 0
configure:8122: result: yes
configure:8077: checking for stdint.h
configure:8098: gcc -c -g -O2  conftest.c >&5
configure:8105: $? = 0
configure:8122: result: yes
configure:8077: checking for unistd.h
configure:8098: gcc -c -g -O2  conftest.c >&5
configure:8105: $? = 0
configure:8122: result: yes
configure:8140: checking for dlfcn.h
configure:8161: gcc -c -g -O2  conftest.c >&5
configure:8168: $? = 0
configure:8185: result: yes
configure:8312: checking for C++ compiler version
configure:8320: g++ --version >&5
g++ (Ubuntu 9.4.0-1ubuntu1~20.04.2) 9.4.0
Copyright (C) 2019 Free Software Foundation, Inc.
This is free software; see the source for copying conditions.  There is NO
warranty; not even for MERCHANTABILITY or FITNESS FOR A PARTICULAR PURPOSE.

configure:8324: $? = 0
configure:8331: g++ -v >&5
Using built-in specs.
COLLECT_GCC=g++
COLLECT_LTO_WRAPPER=/usr/lib/gcc/x86_64-linux-gnu/9/lto-wrapper
OFFLOAD_TARGET_NAMES=nvptx-none:hsa
OFFLOAD_TARGET_DEFAULT=1
Target: x86_64-linux-gnu
Configured with: ../src/configure -v --with-pkgversion='Ubuntu 9.4.0-1ubuntu1~20.04.2' --with-bugurl=file:///usr/share/doc/gcc-9/README.Bugs --enable-languages=c,ada,c++,go,brig,d,fortran,objc,obj-c++,gm2 --prefix=/usr --with-gcc-major-version-only --program-suffix=-9 --program-prefix=x86_64-linux-gnu- --enable-shared --enable-linker-build-id --libexecdir=/usr/lib --without-included-gettext --enable-threads=posix --libdir=/usr/lib --enable-nls --enable-clocale=gnu --enable-libstdcxx-debug --enable-libstdcxx-time=yes --with-default-libstdcxx-abi=new --enable-gnu-unique-object --disable-vtable-verify --enable-plugin --enable-default-pie --with-system-zlib --with-target-system-zlib=auto --enable-objc-gc=auto --enable-multiarch --disable-werror --with-arch-32=i686 --with-abi=m64 --with-multilib-list=m32,m64,mx32 --enable-multilib --with-tune=generic --enable-offload-targets=nvptx-none=/build/gcc-9-9QDOt0/gcc-9-9.4.0/debian/tmp-nvptx/usr,hsa --without-cuda-driver --enable-checking=release --build=x86_64-linux-gnu --host=x86_64-linux-gnu --target=x86_64-linux-gnu
Thread model: posix
gcc version 9.4.0 (Ubuntu 9.4.0-1ubuntu1~20.04.2) 
configure:8335: $? = 0
configure:8342: g++ -V >&5
g++: error: unrecognized command line option '-V'
g++: fatal error: no input files
compilation terminated.
configure:8346: $? = 1
configure:8349: checking whether we are using the GNU C++ compiler
configure:8402: result: yes
configure:8411: checking whether g++ accepts -g
configure:8549: result: yes
configure:8574: checking dependency style of g++
configure:8684: result: gcc3
configure:8707: checking how to run the C++ preprocessor
configure:8743: g++ -E  conftest.cpp
configure:8750: $? = 0
configure:8781: g++ -E  conftest.cpp
conftest.cpp:21:10: fatal error: ac_nonexistent.h: No such file or directory
   21 | #include <ac_nonexistent.h>
      |          ^~~~~~~~~~~~~~~~~~
compilation terminated.
configure:8788: $? = 1
configure: failed program was:
| /* confdefs.h.  */
| #define PACKAGE_NAME "HepMC"
| #define PACKAGE_TARNAME "HepMC"
| #define PACKAGE_VERSION "2.06.09"
| #define PACKAGE_STRING "HepMC 2.06.09"
| #define PACKAGE_BUGREPORT "https://savannah.cern.ch/projects/hepmc/"
| #define PACKAGE "HepMC"
| #define VERSION "2.06.09"
| #define STDC_HEADERS 1
| #define HAVE_SYS_TYPES_H 1
| #define HAVE_SYS_STAT_H 1
| #define HAVE_STDLIB_H 1
| #define HAVE_STRING_H 1
| #define HAVE_MEMORY_H 1
| #define HAVE_STRINGS_H 1
| #define HAVE_INTTYPES_H 1
| #define HAVE_STDINT_H 1
| #define HAVE_UNISTD_H 1
| #define HAVE_DLFCN_H 1
| /* end confdefs.h.  */
| #include <ac_nonexistent.h>
configure:8821: result: g++ -E
configure:8850: g++ -E  conftest.cpp
configure:8857: $? = 0
configure:8888: g++ -E  conftest.cpp
conftest.cpp:21:10: fatal error: ac_nonexistent.h: No such file or directory
   21 | #include <ac_nonexistent.h>
      |          ^~~~~~~~~~~~~~~~~~
compilation terminated.
configure:8895: $? = 1
configure: failed program was:
| /* confdefs.h.  */
| #define PACKAGE_NAME "HepMC"
| #define PACKAGE_TARNAME "HepMC"
| #define PACKAGE_VERSION "2.06.09"
| #define PACKAGE_STRING "HepMC 2.06.09"
| #define PACKAGE_BUGREPORT "https://savannah.cern.ch/projects/hepmc/"
| #define PACKAGE "HepMC"
| #define VERSION "2.06.09"
| #define STDC_HEADERS 1
| #define HAVE_SYS_TYPES_H 1
| #define HAVE_SYS_STAT_H 1
| #define HAVE_STDLIB_H 1
| #define HAVE_STRING_H 1
| #define HAVE_MEMORY_H 1
| #define HAVE_STRINGS_H 1
| #define HAVE_INTTYPES_H 1
| #define HAVE_STDINT_H 1
| #define HAVE_UNISTD_H 1
| #define HAVE_DLFCN_H 1
| /* end confdefs.h.  */
| #include <ac_nonexistent.h>
configure:9044: checking for Fortran 77 compiler version
configure:9052: gfortran --version >&5
GNU Fortran (Ubuntu 9.4.0-1ubuntu1~20.04.2) 9.4.0
Copyright (C) 2019 Free Software Foundation, Inc.
This is free software; see the source for copying conditions.  There is NO
warranty; not even for MERCHANTABILITY or FITNESS FOR A PARTICULAR PURPOSE.

configure:9056: $? = 0
configure:9063: gfortran -v >&5
Using built-in specs.
COLLECT_GCC=gfortran
COLLECT_LTO_WRAPPER=/usr/lib/gcc/x86_64-linux-gnu/9/lto-wrapper
OFFLOAD_TARGET_NAMES=nvptx-none:hsa
OFFLOAD_TARGET_DEFAULT=1
Target: x86_64-linux-gnu
Configured with: ../src/configure -v --with-pkgversion='Ubuntu 9.4.0-1ubuntu1~20.04.2' --with-bugurl=file:///usr/share/doc/gcc-9/README.Bugs --enable-languages=c,ada,c++,go,brig,d,fortran,objc,obj-c++,gm2 --prefix=/usr --with-gcc-major-version-only --program-suffix=-9 --program-prefix=x86_64-linux-gnu- --enable-shared --enable-linker-build-id --libexecdir=/usr/lib --without-included-gettext --enable-threads=posix --libdir=/usr/lib --enable-nls --enable-clocale=gnu --enable-libstdcxx-debug --enable-libstdcxx-time=yes --with-default-libstdcxx-abi=new --enable-gnu-unique-object --disable-vtable-verify --enable-plugin --enable-default-pie --with-system-zlib --with-target-system-zlib=auto --enable-objc-gc=auto --enable-multiarch --disable-werror --with-arch-32=i686 --with-abi=m64 --with-multilib-list=m32,m64,mx32 --enable-multilib --with-tune=generic --enable-offload-targets=nvptx-none=/build/gcc-9-9QDOt0/gcc-9-9.4.0/debian/tmp-nvptx/usr,hsa --without-cuda-driver --enable-checking=release --build=x86_64-linux-gnu --host=x86_64-linux-gnu --target=x86_64-linux-gnu
Thread model: posix
gcc version 9.4.0 (Ubuntu 9.4.0-1ubuntu1~20.04.2) 
configure:9067: $? = 0
configure:9074: gfortran -V >&5
gfortran: error: unrecognized command line option '-V'
gfortran: fatal error: no input files
compilation terminated.
configure:9078: $? = 1
configure:9086: checking whether we are using the GNU Fortran 77 compiler
configure:9129: result: yes
configure:9135: checking whether gfortran accepts -g
configure:9175: result: yes
configure:9381: checking for objdir
configure:9396: result: .libs
configure:9688: checking if gcc supports -fno-rtti -fno-exceptions
configure:9725: gcc -c -g -O2  -fno-rtti -fno-exceptions conftest.c >&5
cc1: warning: command line option '-fno-rtti' is valid for C++/D/ObjC++ but not for C
configure:9729: $? = 0
configure:9723: result: no
configure:9743: checking for gcc option to produce PIC
configure:10015: result: -fPIC -DPIC
configure:10027: checking if gcc PIC flag -fPIC -DPIC works
configure:10064: gcc -c -g -O2  -fPIC -DPIC -DPIC conftest.c >&5
configure:10068: $? = 0
configure:10062: result: yes
configure:10086: checking if gcc static flag -static works
configure:10114: result: yes
configure:10129: checking if gcc supports -c -o file.o
configure:10169: gcc -c -g -O2  -o out/conftest2.o conftest.c >&5
configure:10173: $? = 0
configure:10176: result: yes
configure:10184: checking if gcc supports -c -o file.o
configure:10231: result: yes
configure:10264: checking whether the gcc linker (/usr/bin/ld -m elf_x86_64) supports shared libraries
configure:11338: result: yes
configure:11375: checking whether -lc should be explicitly linked in
configure:11380: gcc -c -g -O2  conftest.c >&5
configure:11383: $? = 0
configure:11398: gcc -shared conftest.o  -v -Wl,-soname -Wl,conftest -o conftest 2\>\&1 \| /usr/bin/grep  -lc  \>/dev/null 2\>\&1
configure:11401: $? = 0
configure:11413: result: no
configure:11577: checking dynamic linker characteristics
configure:12020: gcc -o conftest -g -O2   -Wl,-rpath -Wl,/foo conftest.c  >&5
configure:12027: $? = 0
configure:12263: result: GNU/Linux ld.so
configure:12365: checking how to hardcode library paths into programs
configure:12390: result: immediate
configure:13223: checking whether stripping libraries is possible
configure:13228: result: yes
configure:13263: checking if libtool supports shared libraries
configure:13265: result: yes
configure:13268: checking whether to build shared libraries
configure:13289: result: yes
configure:13292: checking whether to build static libraries
configure:13296: result: yes
configure:10295: checking for ld used by g++
configure:10362: result: /usr/bin/ld -m elf_x86_64
configure:10371: checking if the linker (/usr/bin/ld -m elf_x86_64) is GNU ld
configure:10386: result: yes
configure:10441: checking whether the g++ linker (/usr/bin/ld -m elf_x86_64) supports shared libraries
configure:11416: result: yes
configure:11444: g++ -c -g -O2  conftest.cpp >&5
configure:11447: $? = 0
configure:11629: checking for g++ option to produce PIC
configure:11946: result: -fPIC -DPIC
configure:11955: checking if g++ PIC flag -fPIC -DPIC works
configure:15143: g++ -c -g -O2  -fPIC -DPIC -DPIC conftest.cpp >&5
configure:15147: $? = 0
configure:11990: result: yes
configure:12011: checking if g++ static flag -static works
configure:12039: result: yes
configure:12051: checking if g++ supports -c -o file.o
configure:15242: g++ -c -g -O2  -o out/conftest2.o conftest.cpp >&5
configure:15246: $? = 0
configure:12098: result: yes
configure:12103: checking if g++ supports -c -o file.o
configure:12150: result: yes
configure:12180: checking whether the g++ linker (/usr/bin/ld -m elf_x86_64) supports shared libraries
configure:12206: result: yes
configure:12343: checking dynamic linker characteristics
configure:12734: g++ -o conftest -g -O2   -Wl,-rpath -Wl,/foo conftest.cpp  >&5
configure:12741: $? = 0
configure:12977: result: GNU/Linux ld.so
configure:13028: checking how to hardcode library paths into programs
configure:13053: result: immediate
configure:12184: checking if libtool supports shared libraries
configure:12186: result: yes
configure:12189: checking whether to build shared libraries
configure:12209: result: yes
configure:12212: checking whether to build static libraries
configure:12216: result: yes
configure:12230: checking for gfortran option to produce PIC
configure:12502: result: -fPIC
configure:12511: checking if gfortran PIC flag -fPIC works
configure:16709: gfortran -c -g -O2 -fPIC conftest.f >&5
configure:16713: $? = 0
configure:12546: result: yes
configure:12567: checking if gfortran static flag -static works
configure:12595: result: yes
configure:12607: checking if gfortran supports -c -o file.o
configure:16808: gfortran -c -g -O2 -o out/conftest2.o conftest.f >&5
configure:16812: $? = 0
configure:12654: result: yes
configure:12659: checking if gfortran supports -c -o file.o
configure:12706: result: yes
configure:12736: checking whether the gfortran linker (/usr/bin/ld -m elf_x86_64) supports shared libraries
configure:13790: result: yes
configure:13927: checking dynamic linker characteristics
configure:14308: gfortran -o conftest -g -O2  -Wl,-rpath -Wl,/foo conftest.f  >&5
configure:14315: $? = 0
configure:14551: result: GNU/Linux ld.so
configure:14602: checking how to hardcode library paths into programs
configure:14627: result: immediate
configure:12668: checking for stdint.h
configure:12675: result: yes
configure:12818: checking for stdbool.h that conforms to C99
configure:12913: gcc -c -g -O2  conftest.c >&5
configure:12920: $? = 0
configure:12935: result: yes
configure:12937: checking for _Bool
configure:12965: gcc -c -g -O2  conftest.c >&5
configure:12972: $? = 0
configure:12999: gcc -c -g -O2  conftest.c >&5
conftest.c: In function 'main':
conftest.c:59:20: error: expected expression before ')' token
   59 | if (sizeof ((_Bool)))
      |                    ^
configure:13006: $? = 1
configure: failed program was:
| /* confdefs.h.  */
| #define PACKAGE_NAME "HepMC"
| #define PACKAGE_TARNAME "HepMC"
| #define PACKAGE_VERSION "2.06.09"
| #define PACKAGE_STRING "HepMC 2.06.09"
| #define PACKAGE_BUGREPORT "https://savannah.cern.ch/projects/hepmc/"
| #define PACKAGE "HepMC"
| #define VERSION "2.06.09"
| #define STDC_HEADERS 1
| #define HAVE_SYS_TYPES_H 1
| #define HAVE_SYS_STAT_H 1
| #define HAVE_STDLIB_H 1
| #define HAVE_STRING_H 1
| #define HAVE_MEMORY_H 1
| #define HAVE_STRINGS_H 1
| #define HAVE_INTTYPES_H 1
| #define HAVE_STDINT_H 1
| #define HAVE_UNISTD_H 1
| #define HAVE_DLFCN_H 1
| #define LT_OBJDIR ".libs/"
| #define HAVE_STDINT_H 1
| /* end confdefs.h.  */
| #include <stdio.h>
| #ifdef HAVE_SYS_TYPES_H
| # include <sys/types.h>
| #endif
| #ifdef HAVE_SYS_STAT_H
| # include <sys/stat.h>
| #endif
| #ifdef STDC_HEADERS
| # include <stdlib.h>
| # include <stddef.h>
| #else
| # ifdef HAVE_STDLIB_H
| #  include <stdlib.h>
| # endif
| #endif
| #ifdef HAVE_STRING_H
| # if !defined STDC_HEADERS && defined HAVE_MEMORY_H
| #  include <memory.h>
| # endif
| # include <string.h>
| #endif
| #ifdef HAVE_STRINGS_H
| # include <strings.h>
| #endif
| #ifdef HAVE_INTTYPES_H
| # include <inttypes.h>
| #endif
| #ifdef HAVE_STDINT_H
| # include <stdint.h>
| #endif
| #ifdef HAVE_UNISTD_H
| # include <unistd.h>
| #endif
| int
| main ()
| {
| if (sizeof ((_Bool)))
| 	  return 0;
|   ;
|   return 0;
| }
configure:13029: result: yes
configure:13048: checking for an ANSI C-conforming const
configure:13123: gcc -c -g -O2  conftest.c >&5
configure:13130: $? = 0
configure:13145: result: yes
configure:13155: checking for inline
configure:13181: gcc -c -g -O2  conftest.c >&5
configure:13188: $? = 0
configure:13206: result: inline
configure:13225: checking for ptrdiff_t
configure:13253: gcc -c -g -O2  conftest.c >&5
configure:13260: $? = 0
configure:13287: gcc -c -g -O2  conftest.c >&5
conftest.c: In function 'main':
conftest.c:61:24: error: expected expression before ')' token
   61 | if (sizeof ((ptrdiff_t)))
      |                        ^
configure:13294: $? = 1
configure: failed program was:
| /* confdefs.h.  */
| #define PACKAGE_NAME "HepMC"
| #define PACKAGE_TARNAME "HepMC"
| #define PACKAGE_VERSION "2.06.09"
| #define PACKAGE_STRING "HepMC 2.06.09"
| #define PACKAGE_BUGREPORT "https://savannah.cern.ch/projects/hepmc/"
| #define PACKAGE "HepMC"
| #define VERSION "2.06.09"
| #define STDC_HEADERS 1
| #define HAVE_SYS_TYPES_H 1
| #define HAVE_SYS_STAT_H 1
| #define HAVE_STDLIB_H 1
| #define HAVE_STRING_H 1
| #define HAVE_MEMORY_H 1
| #define HAVE_STRINGS_H 1
| #define HAVE_INTTYPES_H 1
| #define HAVE_STDINT_H 1
| #define HAVE_UNISTD_H 1
| #define HAVE_DLFCN_H 1
| #define LT_OBJDIR ".libs/"
| #define HAVE_STDINT_H 1
| #define HAVE__BOOL 1
| #define HAVE_STDBOOL_H 1
| /* end confdefs.h.  */
| #include <stdio.h>
| #ifdef HAVE_SYS_TYPES_H
| # include <sys/types.h>
| #endif
| #ifdef HAVE_SYS_STAT_H
| # include <sys/stat.h>
| #endif
| #ifdef STDC_HEADERS
| # include <stdlib.h>
| # include <stddef.h>
| #else
| # ifdef HAVE_STDLIB_H
| #  include <stdlib.h>
| # endif
| #endif
| #ifdef HAVE_STRING_H
| # if !defined STDC_HEADERS && defined HAVE_MEMORY_H
| #  include <memory.h>
| # endif
| # include <string.h>
| #endif
| #ifdef HAVE_STRINGS_H
| # include <strings.h>
| #endif
| #ifdef HAVE_INTTYPES_H
| # include <inttypes.h>
| #endif
| #ifdef HAVE_STDINT_H
| # include <stdint.h>
| #endif
| #ifdef HAVE_UNISTD_H
| # include <unistd.h>
| #endif
| int
| main ()
| {
| if (sizeof ((ptrdiff_t)))
| 	  return 0;
|   ;
|   return 0;
| }
configure:13317: result: yes
configure:13332: checking for ANSI C header files
configure:13500: result: yes
configure:13728: creating ./config.status

## ---------------------- ##
## Running config.status. ##
## ---------------------- ##

This file was extended by HepMC config.status 2.06.09, which was
generated by GNU Autoconf 2.63.  Invocation command line was

  CONFIG_FILES    = 
  CONFIG_HEADERS  = 
  CONFIG_LINKS    = 
  CONFIG_COMMANDS = 
  $ ./config.status 

on cplab068.ph.ed.ac.uk

config.status:1146: creating Makefile
config.status:1146: creating HepMC/Makefile
config.status:1146: creating doc/Makefile
config.status:1146: creating examples/Makefile
config.status:1146: creating examples/fio/Makefile
config.status:1146: creating examples/pythia8/Makefile
config.status:1146: creating fio/Makefile
config.status:1146: creating src/Makefile
config.status:1146: creating src/Units.cc
config.status:1146: creating test/Makefile
config.status:1146: creating test/testHepMC.cc
config.status:1146: creating test/testMass.cc
config.status:1146: creating test/testHepMCIteration.cc
config.status:1146: creating test/testMultipleCopies.cc
config.status:1146: creating test/testStreamIO.cc
config.status:1146: creating examples/GNUmakefile.example
config.status:1146: creating examples/fio/GNUmakefile.example
config.status:1146: creating examples/pythia8/config.csh
config.status:1146: creating examples/pythia8/config.sh
config.status:1146: creating examples/pythia8/GNUmakefile.example
config.status:1146: creating test/testHepMC.sh
config.status:1146: creating test/testFlow.sh
config.status:1146: creating test/testMass.sh
config.status:1146: creating test/testHepMCIteration.sh
config.status:1146: creating test/testPolarization.sh
config.status:1146: creating test/testPrintBug.sh
config.status:1146: creating test/testStreamIO.sh
config.status:1146: creating HepMC/defs.h
config.status:1413: executing depfiles commands
config.status:1413: executing libtool commands

## ---------------- ##
## Cache variables. ##
## ---------------- ##

ac_cv_build=x86_64-unknown-linux-gnu
ac_cv_c_compiler_gnu=yes
ac_cv_c_const=yes
ac_cv_c_inline=inline
ac_cv_cxx_compiler_gnu=yes
ac_cv_env_CCC_set=
ac_cv_env_CCC_value=
ac_cv_env_CC_set=
ac_cv_env_CC_value=
ac_cv_env_CFLAGS_set=
ac_cv_env_CFLAGS_value=
ac_cv_env_CPPFLAGS_set=
ac_cv_env_CPPFLAGS_value=
ac_cv_env_CPP_set=
ac_cv_env_CPP_value=
ac_cv_env_CXXCPP_set=
ac_cv_env_CXXCPP_value=
ac_cv_env_CXXFLAGS_set=
ac_cv_env_CXXFLAGS_value=
ac_cv_env_CXX_set=
ac_cv_env_CXX_value=
ac_cv_env_F77_set=
ac_cv_env_F77_value=
ac_cv_env_FFLAGS_set=
ac_cv_env_FFLAGS_value=
ac_cv_env_LDFLAGS_set=
ac_cv_env_LDFLAGS_value=
ac_cv_env_LIBS_set=
ac_cv_env_LIBS_value=
ac_cv_env_build_alias_set=
ac_cv_env_build_alias_value=
ac_cv_env_host_alias_set=
ac_cv_env_host_alias_value=
ac_cv_env_target_alias_set=
ac_cv_env_target_alias_value=
ac_cv_f77_compiler_gnu=yes
ac_cv_header_dlfcn_h=yes
ac_cv_header_inttypes_h=yes
ac_cv_header_memory_h=yes
ac_cv_header_stdbool_h=yes
ac_cv_header_stdc=yes
ac_cv_header_stdint_h=yes
ac_cv_header_stdlib_h=yes
ac_cv_header_string_h=yes
ac_cv_header_strings_h=yes
ac_cv_header_sys_stat_h=yes
ac_cv_header_sys_types_h=yes
ac_cv_header_unistd_h=yes
ac_cv_host=x86_64-unknown-linux-gnu
ac_cv_objext=o
ac_cv_path_EGREP='/usr/bin/grep -E'
ac_cv_path_FGREP='/usr/bin/grep -F'
ac_cv_path_GREP=/usr/bin/grep
ac_cv_path_SED=/usr/bin/sed
ac_cv_path_install='/usr/bin/install -c'
ac_cv_path_mkdir=/usr/bin/mkdir
ac_cv_prog_AWK=gawk
ac_cv_prog_CPP='gcc -E'
ac_cv_prog_CXXCPP='g++ -E'
ac_cv_prog_ac_ct_AR=ar
ac_cv_prog_ac_ct_CC=gcc
ac_cv_prog_ac_ct_CXX=g++
ac_cv_prog_ac_ct_F77=gfortran
ac_cv_prog_ac_ct_OBJDUMP=objdump
ac_cv_prog_ac_ct_RANLIB=ranlib
ac_cv_prog_ac_ct_STRIP=strip
ac_cv_prog_cc_c89=
ac_cv_prog_cc_g=yes
ac_cv_prog_cxx_g=yes
ac_cv_prog_f77_g=yes
ac_cv_prog_make_make_set=yes
ac_cv_target=x86_64-unknown-linux-gnu
ac_cv_type__Bool=yes
ac_cv_type_ptrdiff_t=yes
am_cv_CC_dependencies_compiler_type=gcc3
am_cv_CXX_dependencies_compiler_type=gcc3
lt_cv_deplibs_check_method=pass_all
lt_cv_file_magic_cmd='$MAGIC_CMD'
lt_cv_file_magic_test_file=
lt_cv_ld_reload_flag=-r
lt_cv_nm_interface='BSD nm'
lt_cv_objdir=.libs
lt_cv_path_LD=/usr/bin/ld
lt_cv_path_LDCXX='/usr/bin/ld -m elf_x86_64'
lt_cv_path_NM='/usr/bin/nm -B'
lt_cv_prog_compiler_c_o=yes
lt_cv_prog_compiler_c_o_CXX=yes
lt_cv_prog_compiler_c_o_F77=yes
lt_cv_prog_compiler_pic_works=yes
lt_cv_prog_compiler_pic_works_CXX=yes
lt_cv_prog_compiler_pic_works_F77=yes
lt_cv_prog_compiler_rtti_exceptions=no
lt_cv_prog_compiler_static_works=yes
lt_cv_prog_compiler_static_works_CXX=yes
lt_cv_prog_compiler_static_works_F77=yes
lt_cv_prog_gnu_ld=yes
lt_cv_prog_gnu_ldcxx=yes
lt_cv_sys_global_symbol_pipe='sed -n -e '\''s/^.*[	 ]\([ABCDGIRSTW][ABCDGIRSTW]*\)[	 ][	 ]*\([_A-Za-z][_A-Za-z0-9]*\)$/\1 \2 \2/p'\'''
lt_cv_sys_global_symbol_to_c_name_address='sed -n -e '\''s/^: \([^ ]*\) $/  {\"\1\", (void *) 0},/p'\'' -e '\''s/^[ABCDGIRSTW]* \([^ ]*\) \([^ ]*\)$/  {"\2", (void *) \&\2},/p'\'''
lt_cv_sys_global_symbol_to_c_name_address_lib_prefix='sed -n -e '\''s/^: \([^ ]*\) $/  {\"\1\", (void *) 0},/p'\'' -e '\''s/^[ABCDGIRSTW]* \([^ ]*\) \(lib[^ ]*\)$/  {"\2", (void *) \&\2},/p'\'' -e '\''s/^[ABCDGIRSTW]* \([^ ]*\) \([^ ]*\)$/  {"lib\2", (void *) \&\2},/p'\'''
lt_cv_sys_global_symbol_to_cdecl='sed -n -e '\''s/^T .* \(.*\)$/extern int \1();/p'\'' -e '\''s/^[ABCDGIRSTW]* .* \(.*\)$/extern char \1;/p'\'''
lt_cv_sys_max_cmd_len=1572864

## ----------------- ##
## Output variables. ##
## ----------------- ##

ACLOCAL='${SHELL} /home/s1967975/DAML/Week_7/GeantExample3/HEPmc/hepmc2.06.09/missing --run aclocal-1.11'
AMDEPBACKSLASH='\'
AMDEP_FALSE='#'
AMDEP_TRUE=''
AMTAR='${SHELL} /home/s1967975/DAML/Week_7/GeantExample3/HEPmc/hepmc2.06.09/missing --run tar'
AM_CXXFLAGS='-ansi -pedantic -Wall'
AM_MAKEFLAGS=''
AR='ar'
AS='as'
AUTOCONF='${SHELL} /home/s1967975/DAML/Week_7/GeantExample3/HEPmc/hepmc2.06.09/missing --run autoconf'
AUTOHEADER='${SHELL} /home/s1967975/DAML/Week_7/GeantExample3/HEPmc/hepmc2.06.09/missing --run autoheader'
AUTOMAKE='${SHELL} /home/s1967975/DAML/Week_7/GeantExample3/HEPmc/hepmc2.06.09/missing --run automake-1.11'
AWK='gawk'
BUILD_VISUAL_FALSE=''
BUILD_VISUAL_TRUE='#'
CC='gcc'
CCDEPMODE='depmode=gcc3'
CFLAGS='-g -O2'
CLHEPdir=' '
COPY_P='cp -p'
CPP='gcc -E'
CPPFLAGS=''
CXX='g++'
CXXCPP='g++ -E'
CXXDEPMODE='depmode=gcc3'
CXXFLAGS='-g -O2'
CYGPATH_W='echo'
DEFS='-DHAVE_CONFIG_H'
DEPDIR='.deps'
DIFF_Q='diff -q -b'
DLLTOOL='dlltool'
DSYMUTIL=''
DUMPBIN=''
ECHO_C=''
ECHO_N='-n'
ECHO_T=''
EGREP='/usr/bin/grep -E'
EXEEXT=''
F77='gfortran'
FFLAGS='-g -O2'
FGREP='/usr/bin/grep -F'
GENSERdir=' '
GREP='/usr/bin/grep'
HEPMC_DEFAULT_LEN_UNIT='MM'
HEPMC_DEFAULT_MOM_UNIT='MEV'
INSTALL_DATA='${INSTALL} -m 644'
INSTALL_PROGRAM='${INSTALL}'
INSTALL_SCRIPT='${INSTALL}'
INSTALL_STRIP_PROGRAM='$(install_sh) -c -s'
LD='/usr/bin/ld -m elf_x86_64'
LDFLAGS=''
LIBOBJS=''
LIBRARY_VERSION='-version-info 4:0:0'
LIBS=''
LIBTOOL='$(SHELL) $(top_builddir)/libtool'
LIPO=''
LN_S='ln -s'
LTLIBOBJS=''
MAKEINFO='${SHELL} /home/s1967975/DAML/Week_7/GeantExample3/HEPmc/hepmc2.06.09/missing --run makeinfo'
MKDIR_P='/usr/bin/mkdir -p'
NM='/usr/bin/nm -B'
NMEDIT=''
OBJDUMP='objdump'
OBJEXT='o'
OTOOL64=''
OTOOL=''
PACKAGE='HepMC'
PACKAGE_BUGREPORT='https://savannah.cern.ch/projects/hepmc/'
PACKAGE_NAME='HepMC'
PACKAGE_STRING='HepMC 2.06.09'
PACKAGE_TARNAME='HepMC'
PACKAGE_VERSION='2.06.09'
PATH_SEPARATOR=':'
RANLIB='ranlib'
SED='/usr/bin/sed'
SET_MAKE=''
SHELL='/bin/bash'
STRIP='strip'
VERSION='2.06.09'
ac_ct_CC='gcc'
ac_ct_CXX='g++'
ac_ct_DUMPBIN=''
ac_ct_F77='gfortran'
am__EXEEXT_FALSE=''
am__EXEEXT_TRUE='#'
am__fastdepCC_FALSE='#'
am__fastdepCC_TRUE=''
am__fastdepCXX_FALSE='#'
am__fastdepCXX_TRUE=''
am__include='include'
am__isrc=' -I$(srcdir)'
am__leading_dot='.'
am__quote=''
am__tar='${AMTAR} chof - "$$tardir"'
am__untar='${AMTAR} xf -'
bindir='${exec_prefix}/bin'
build='x86_64-unknown-linux-gnu'
build_alias=''
build_cpu='x86_64'
build_os='linux-gnu'
build_vendor='unknown'
datadir='${datarootdir}'
datarootdir='${prefix}/share'
docdir='${datarootdir}/doc/${PACKAGE_TARNAME}'
dvidir='${docdir}'
exec_prefix='${prefix}'
host='x86_64-unknown-linux-gnu'
host_alias=''
host_cpu='x86_64'
host_os='linux-gnu'
host_vendor='unknown'
htmldir='${docdir}'
includedir='${prefix}/include'
infodir='${datarootdir}/info'
install_sh='${SHELL} /home/s1967975/DAML/Week_7/GeantExample3/HEPmc/hepmc2.06.09/install-sh'
libdir='${exec_prefix}/lib'
libexecdir='${exec_prefix}/libexec'
localedir='${datarootdir}/locale'
localstatedir='${prefix}/var'
lt_ECHO='echo'
mandir='${datarootdir}/man'
mkdir_p='/usr/bin/mkdir -p'
oldincludedir='/usr/include'
pdfdir='${docdir}'
prefix='/home/s1967975/DAML/Week_7/GeantExample3/HEPmc/build/../install'
program_transform_name='s,x,x,'
psdir='${docdir}'
sbindir='${exec_prefix}/sbin'
sharedstatedir='${prefix}/com'
sysconfdir='${prefix}/etc'
target='x86_64-unknown-linux-gnu'
target_alias=''
target_cpu='x86_64'
target_os='linux-gnu'
target_vendor='unknown'

## ----------- ##
## confdefs.h. ##
## ----------- ##

#define PACKAGE_NAME "HepMC"
#define PACKAGE_TARNAME "HepMC"
#define PACKAGE_VERSION "2.06.09"
#define PACKAGE_STRING "HepMC 2.06.09"
#define PACKAGE_BUGREPORT "https://savannah.cern.ch/projects/hepmc/"
#define PACKAGE "HepMC"
#define VERSION "2.06.09"
#define STDC_HEADERS 1
#define HAVE_SYS_TYPES_H 1
#define HAVE_SYS_STAT_H 1
#define HAVE_STDLIB_H 1
#define HAVE_STRING_H 1
#define HAVE_MEMORY_H 1
#define HAVE_STRINGS_H 1
#define HAVE_INTTYPES_H 1
#define HAVE_STDINT_H 1
#define HAVE_UNISTD_H 1
#define HAVE_DLFCN_H 1
#define LT_OBJDIR ".libs/"
#define HAVE_STDINT_H 1
#define HAVE__BOOL 1
#define HAVE_STDBOOL_H 1
#define HAVE_PTRDIFF_T 1
#define STDC_HEADERS 1

configure: exit 0
